d:\myproject\logsytem\logsytem\x64\debug\vc140.pdb
d:\myproject\logsytem\logsytem\x64\debug\vc140.idb
d:\myproject\logsytem\logsytem\x64\debug\appendfile.obj
d:\myproject\logsytem\logsytem\x64\debug\asynclog.obj
d:\myproject\logsytem\logsytem\x64\debug\bufferl.obj
d:\myproject\logsytem\logsytem\x64\debug\logexport.obj
d:\myproject\logsytem\logsytem\x64\debug\logfile.obj
d:\myproject\logsytem\logsytem\x64\debug\src.obj
d:\myproject\logsytem\logsytem\x64\debug\thread.obj
d:\myproject\logsytem\x64\debug\logsytem.ilk
d:\myproject\logsytem\x64\debug\logsytem.dll
d:\myproject\logsytem\x64\debug\logsytem.pdb
d:\myproject\logsytem\x64\debug\logsytem.lib
d:\myproject\logsytem\x64\debug\logsytem.exp
d:\myproject\logsytem\logsytem\x64\debug\logsytem.tlog\cl.command.1.tlog
d:\myproject\logsytem\logsytem\x64\debug\logsytem.tlog\cl.read.1.tlog
d:\myproject\logsytem\logsytem\x64\debug\logsytem.tlog\cl.write.1.tlog
d:\myproject\logsytem\logsytem\x64\debug\logsytem.tlog\link.command.1.tlog
d:\myproject\logsytem\logsytem\x64\debug\logsytem.tlog\link.read.1.tlog
d:\myproject\logsytem\logsytem\x64\debug\logsytem.tlog\link.write.1.tlog
d:\myproject\logsytem\logsytem\x64\debug\logsytem.tlog\logsytem.write.1u.tlog
