d:\myproject\logsytem缓冲模式\logsytem\x64\release\vc140.pdb
d:\myproject\logsytem缓冲模式\logsytem\x64\release\thread.obj
d:\myproject\logsytem缓冲模式\logsytem\x64\release\src.obj
d:\myproject\logsytem缓冲模式\logsytem\x64\release\logfile.obj
d:\myproject\logsytem缓冲模式\logsytem\x64\release\logexport.obj
d:\myproject\logsytem缓冲模式\logsytem\x64\release\bufferl.obj
d:\myproject\logsytem缓冲模式\logsytem\x64\release\asynclog.obj
d:\myproject\logsytem缓冲模式\logsytem\x64\release\appendfile.obj
d:\myproject\logsytem缓冲模式\x64\release\logsytem.dll
d:\myproject\logsytem缓冲模式\x64\release\logsytem.ipdb
d:\myproject\logsytem缓冲模式\x64\release\logsytem.iobj
d:\myproject\logsytem缓冲模式\x64\release\logsytem.pdb
d:\myproject\logsytem缓冲模式\x64\release\logsytem.lib
d:\myproject\logsytem缓冲模式\x64\release\logsytem.exp
d:\myproject\logsytem缓冲模式\logsytem\x64\release\logsytem.tlog\cl.command.1.tlog
d:\myproject\logsytem缓冲模式\logsytem\x64\release\logsytem.tlog\cl.read.1.tlog
d:\myproject\logsytem缓冲模式\logsytem\x64\release\logsytem.tlog\cl.write.1.tlog
d:\myproject\logsytem缓冲模式\logsytem\x64\release\logsytem.tlog\link.command.1.tlog
d:\myproject\logsytem缓冲模式\logsytem\x64\release\logsytem.tlog\link.read.1.tlog
d:\myproject\logsytem缓冲模式\logsytem\x64\release\logsytem.tlog\link.write.1.tlog
d:\myproject\logsytem缓冲模式\logsytem\x64\release\logsytem.tlog\logsytem.write.1u.tlog
